<?xml version="1.0" encoding="UTF-8"?>
<testng-results ignored="0" total="1" passed="1" failed="0" skipped="0">
  <reporter-output>
  </reporter-output>
  <suite started-at="2024-05-14T18:48:24 EET" name="Default suite" finished-at="2024-05-14T18:48:35 EET" duration-ms="11486">
    <groups>
    </groups>
    <test started-at="2024-05-14T18:48:24 EET" name="Default test" finished-at="2024-05-14T18:48:35 EET" duration-ms="11486">
      <class name="alerttype.Alert">
        <test-method is-config="true" signature="mybeforetest()[pri:0, instance:alerttype.Alert@fade1fc]" started-at="2024-05-14T18:48:24 EET" name="mybeforetest" finished-at="2024-05-14T18:48:26 EET" duration-ms="2725" status="PASS">
          <reporter-output>
          </reporter-output>
        </test-method> <!-- mybeforetest -->
        <test-method signature="mytest()[pri:0, instance:alerttype.Alert@fade1fc]" started-at="2024-05-14T18:48:26 EET" name="mytest" finished-at="2024-05-14T18:48:35 EET" duration-ms="8723" status="PASS">
          <reporter-output>
          </reporter-output>
        </test-method> <!-- mytest -->
      </class> <!-- alerttype.Alert -->
    </test> <!-- Default test -->
  </suite> <!-- Default suite -->
</testng-results>
